-------------------------------------------------------------------------------
Test set: guru.springframework.springpetclinic.SpringPetClinicApplicationTests
-------------------------------------------------------------------------------
Tests run: 1, Failures: 0, Errors: 1, Skipped: 0, Time elapsed: 11.067 s <<< FAILURE! - in guru.springframework.springpetclinic.SpringPetClinicApplicationTests
contextLoads  Time elapsed: 0.001 s  <<< ERROR!
java.lang.IllegalStateException: Failed to load ApplicationContext
Caused by: org.springframework.beans.factory.UnsatisfiedDependencyException: Error creating bean with name 'dataLoader' defined in file [D:\Spring Framework\Spring-Pet-Clinic\pet-clinic-web\target\classes\guru\springframework\springpetclinic\bootstrap\DataLoader.class]: Unsatisfied dependency expressed through constructor parameter 0; nested exception is org.springframework.beans.factory.NoSuchBeanDefinitionException: No qualifying bean of type 'guru.springframework.springpetclinic.services.OwnerService' available: expected at least 1 bean which qualifies as autowire candidate. Dependency annotations: {}
Caused by: org.springframework.beans.factory.NoSuchBeanDefinitionException: No qualifying bean of type 'guru.springframework.springpetclinic.services.OwnerService' available: expected at least 1 bean which qualifies as autowire candidate. Dependency annotations: {}

